<?xml version="1.0" encoding="UTF-8"?>
<testsuite name="jobshop.encodings.EncodingTests" tests="3" skipped="0" failures="0" errors="0" timestamp="2020-03-26T14:06:23" hostname="LAPTOP-9U8BDR6V" time="0.044">
  <properties/>
  <testcase name="testBasicSolver" classname="jobshop.encodings.EncodingTests" time="0.018"/>
  <testcase name="testResourceOrder" classname="jobshop.encodings.EncodingTests" time="0.019"/>
  <testcase name="testJobNumbers" classname="jobshop.encodings.EncodingTests" time="0.006"/>
  <system-out><![CDATA[ResourceOrder schedule nÂ°1 :
the 0th task of the 0th job starts at time : 0
the 1th task of the 0th job starts at time : 3
the 2th task of the 0th job starts at time : 6
the 0th task of the 1th job starts at time : 0
the 1th task of the 1th job starts at time : 3
the 2th task of the 1th job starts at time : 8

ResourceOrder schedule nÂ°2 :
the 0th task of the 0th job starts at time : 0
the 1th task of the 0th job starts at time : 3
the 2th task of the 0th job starts at time : 6
the 0th task of the 1th job starts at time : 6
the 1th task of the 1th job starts at time : 8
the 2th task of the 1th job starts at time : 10

JobNumbers schedule nÂ°1 :
the 0th task of the 0th job starts at time : 0
the 1th task of the 0th job starts at time : 3
the 2th task of the 0th job starts at time : 6
the 0th task of the 1th job starts at time : 0
the 1th task of the 1th job starts at time : 3
the 2th task of the 1th job starts at time : 8

[0, 1, 1, 0, 0, 1]
[0, 1, 0, 1, 0, 1]
JobNumbers schedule nÂ°2 :
the 0th task of the 0th job starts at time : 0
the 1th task of the 0th job starts at time : 3
the 2th task of the 0th job starts at time : 6
the 0th task of the 1th job starts at time : 6
the 1th task of the 1th job starts at time : 8
the 2th task of the 1th job starts at time : 10

[0, 0, 1, 1, 0, 1]
[0, 0, 0, 1, 1, 1]
]]></system-out>
  <system-err><![CDATA[]]></system-err>
</testsuite>
